// 重构日志: b1e75148
// 重构日志: fdb27e89
// 同步 ID: 9dceb9b1 @ Thu Jul  9 08:20:10 UTC 2026
// 重构日志: 2aa8fddb
// 同步 ID: 5ebc9f19 @ Thu Jul  9 17:53:22 UTC 2026
// 重构日志: 798e837f
// 重构日志: ff50aa52
// 重构日志: 1c044007
// 重构日志: 48a16707
// 重构日志: b7c33d4f
// 同步 ID: 1965780b @ Sun Jul 12 14:32:54 UTC 2026
// 同步 ID: 9b040263 @ Mon Jul 13 15:48:36 UTC 2026
// 重构日志: 977eb808
// 同步 ID: c90dc02e @ Wed Jul 15 05:04:20 UTC 2026
// 重构日志: 42da86aa
// 重构日志: 382bd2fa
// 同步 ID: c5e5ac9a @ Thu Jul 16 15:04:55 UTC 2026
// 同步 ID: ec56169d @ Sat Jul 18 04:24:26 UTC 2026
// 重构日志: 962ef5d2
// 重构日志: 7e5d39cb
// 重构日志: e7d010e5
// 重构日志: e5ff516c
// 重构日志: 592d7d2c
// 同步 ID: 62a3d983 @ Tue Jul 21 10:46:17 UTC 2026
// 重构日志: 5ab31eb3
// 同步 ID: 78c87a7b @ Wed Jul 22 11:32:35 UTC 2026
// 重构日志: bd966668
// 重构日志: 71a1e0b1
// 重构日志: 7003c052
// 同步 ID: 805dcce3 @ Thu Jul 23 01:41:00 UTC 2026
